D:\OPENCV\TERN14\FINAL\FINAL\DEBUG\OUTLOOK.OBJ
D:\OPENCV\TERN14\FINAL\FINAL\DEBUG\PANORAMA.OBJ
D:\OPENCV\TERN14\FINAL\FINAL\DEBUG\RECTANGLE.OBJ
D:\OPENCV\TERN14\FINAL\FINAL\DEBUG\SOURCE.OBJ
D:\OPENCV\TERN14\FINAL\FINAL\DEBUG\VC110.PDB
D:\OPENCV\TERN14\FINAL\DEBUG\FINAL.ILK
D:\OPENCV\TERN14\FINAL\DEBUG\FINAL.EXE
D:\OPENCV\TERN14\FINAL\DEBUG\FINAL.PDB
D:\openCV\Tern14\Final\Final\Debug\Outlook.obj
D:\openCV\Tern14\Final\Final\Debug\Panorama.obj
D:\openCV\Tern14\Final\Final\Debug\Rectangle.obj
D:\openCV\Tern14\Final\Final\Debug\Source.obj
D:\openCV\Tern14\Final\Final\Debug\cl.command.1.tlog
D:\openCV\Tern14\Final\Final\Debug\CL.read.1.tlog
D:\openCV\Tern14\Final\Final\Debug\CL.write.1.tlog
D:\openCV\Tern14\Final\Final\Debug\link-cvtres.read.1.tlog
D:\openCV\Tern14\Final\Final\Debug\link-cvtres.write.1.tlog
D:\openCV\Tern14\Final\Final\Debug\link-rc.read.1.tlog
D:\openCV\Tern14\Final\Final\Debug\link-rc.write.1.tlog
D:\openCV\Tern14\Final\Final\Debug\link.command.1.tlog
D:\openCV\Tern14\Final\Final\Debug\link.read.1.tlog
D:\openCV\Tern14\Final\Final\Debug\link.write.1.tlog
D:\openCV\Tern14\Final\Final\Debug\vc110.idb
D:\openCV\Tern14\Final\Final\Debug\vc110.pdb
D:\openCV\Tern14\Final\Debug\Final.pdb
D:\openCV\Tern14\Final\Debug\Final.exe
D:\openCV\Tern14\Final\Debug\Final.ilk
